epoch,acc,loss
0,0.0157935144229,5.86952313527
1,0.0224838226135,5.24339922062
2,0.0432493693437,5.00303449105
3,0.0913976529045,4.58759149112
4,0.166014696736,4.08365520366
5,0.261799436975,3.54044782147
6,0.343399261405,3.08468155791
7,0.414323840115,2.73420435907
8,0.464702226398,2.46873162687
9,0.509816107953,2.2436021032
10,0.549921398138,2.04596969079
11,0.584689065163,1.87825112973
12,0.612656746883,1.74104477928
13,0.63791905813,1.62520451893
14,0.659452345198,1.4939147993
15,0.679888860556,1.41687601716
16,0.701970533218,1.2906646245
17,0.710525353768,1.23773916506
18,0.733082294471,1.14036274539
19,0.744452162429,1.0796912257
0,0.241492485852,4.44808711065
1,0.493234294749,2.36420842886
2,0.584787240381,1.90149380526
3,0.64501641044,1.59808299549
4,0.683998387754,1.40238595809
5,0.72499568119,1.21088960466
6,0.74094547143,1.11764462657
7,0.771981343877,0.966963096268
8,0.79340127829,0.86982790695
9,0.81631830504,0.765429574824
10,0.825588760557,0.715480590173
11,0.843496286324,0.65358380569
12,0.856970115926,0.587279793251
13,0.873207807953,0.508689832116
14,0.867046697818,0.560744914633
15,0.897046122106,0.402157256429
16,0.893245811378,0.424583697361
17,0.906949962501,0.368694037952
18,0.908562215998,0.363570505215
19,0.91345655565,0.340114034098
0,0.242841803929,4.9529907019
1,0.52535194448,2.27233697679
2,0.622285850177,1.72048428943
3,0.68593414434,1.40874762721
4,0.730672869839,1.18269930936
5,0.765151515095,1.01633189718
6,0.79044380789,0.87948861662
7,0.815199236345,0.762872103034
8,0.832736816804,0.674973755613
9,0.854271056671,0.58743876243
10,0.868110236092,0.513222541467
11,0.880279168967,0.460170397992
12,0.889107611349,0.425353114779
13,0.901097589718,0.373565696285
14,0.907062753207,0.354429843843
15,0.913743736721,0.326309334305
16,0.920305415728,0.306184204132
17,0.92901455497,0.283512133555
18,0.930565497182,0.253783611602
19,0.937902648817,0.234765083597
0,0.308413251996,4.46050459637
1,0.589218250526,1.92457678574
2,0.690787561773,1.37999307777
3,0.751525719424,1.07166910026
4,0.792066259947,0.865948095238
5,0.826358616577,0.710136570199
6,0.854330136865,0.576079716554
7,0.871839581465,0.489054705403
8,0.887024121016,0.416004802695
9,0.90409764605,0.356886257468
10,0.911580935653,0.318452103934
11,0.922188317298,0.278658913695
12,0.933667538316,0.234550147989
13,0.941223481789,0.218864971098
14,0.942894507428,0.204155975461
15,0.949433304289,0.181853218585
16,0.951467596577,0.174696107766
17,0.95895088618,0.154910469758
18,0.954664341986,0.165903154532
19,0.960113339301,0.140862029253
0,0.289609779312,4.22376630426
1,0.60736953478,1.80070311383
2,0.709920075504,1.29755724267
3,0.768511988997,0.996744858081
4,0.803596615623,0.826574399206
5,0.836506817702,0.654595932884
6,0.862364833519,0.551333033063
7,0.876292901192,0.486004687975
8,0.898037142355,0.390510028609
9,0.90738128876,0.357409043076
10,0.91731311715,0.301843695073
11,0.927950164691,0.268737621483
12,0.933474377197,0.245579042175
13,0.942113305405,0.212408244841
14,0.945815702784,0.200612152952
15,0.951339915514,0.17988034095
16,0.952397743469,0.174208474085
17,0.954983545123,0.164548876627
18,0.96009638027,0.146153186485
19,0.962623413594,0.134280341854
0,0.239429112959,4.51928602001
1,0.558213904685,2.06622727711
2,0.677780409673,1.44093421799
3,0.742863910974,1.10966733478
4,0.782008764368,0.919373660528
5,0.818607129885,0.728181098121
6,0.844723439677,0.611202114893
7,0.866931185576,0.520053577108
8,0.890204903364,0.419907470337
9,0.899147222777,0.377172542645
10,0.913123297223,0.321864301505
11,0.919815231362,0.285788978045
12,0.930593391038,0.253940525742
13,0.933968968616,0.241819287817
14,0.94148999161,0.213333494274
15,0.948359588234,0.188398297754
16,0.950017766691,0.185286559515
17,0.95706502469,0.160775053539
18,0.958545541179,0.159624952705
19,0.959907616355,0.147563862628
0,0.190022810559,5.37224280805
1,0.482594466092,2.48252819202
2,0.63403748912,1.64116146464
3,0.714469899944,1.238474945
4,0.767529504753,0.96938287188
5,0.816423682706,0.74368844098
6,0.852623227261,0.586401361121
7,0.875533075521,0.47235373653
8,0.890012892669,0.398423901676
9,0.914311217065,0.319544008729
10,0.925022315154,0.26322341398
11,0.932559754124,0.235973275012
12,0.945056034792,0.192404519252
13,0.946940395191,0.180619530772
14,0.95408112633,0.162439454325
15,0.956263017243,0.156679896321
16,0.960825151528,0.13445219022
17,0.962213627281,0.132586003559
18,0.966279877789,0.114652347276
19,0.970246950596,0.102924162438
0,0.200734157973,5.21850603331
1,0.469764296938,2.57827719139
2,0.61379443595,1.79064498342
3,0.691557187846,1.37246426162
4,0.748164606058,1.07341536672
5,0.786997682252,0.862801018601
6,0.825251159473,0.706821499413
7,0.854037867263,0.562507448646
8,0.879540185564,0.445989137086
9,0.896348531685,0.384938307947
10,0.913833076011,0.306002767414
11,0.931510818613,0.254281300435
12,0.938465996356,0.224120673109
13,0.939625192278,0.212649575226
14,0.94300618238,0.189692240617
15,0.952859351034,0.164009729092
16,0.959524730074,0.146772010721
17,0.956626739347,0.144478284249
18,0.960297526864,0.131909147504
19,0.966479907725,0.113776546496
0,0.177683667553,5.18608670401
1,0.451942552016,2.63489750515
2,0.59823236962,1.82843322066
3,0.682747192529,1.39468391019
4,0.742128521769,1.09883505948
5,0.790001841238,0.862411909616
6,0.823421101372,0.701668147509
7,0.854170502615,0.564786923972
8,0.87737065017,0.453827177199
9,0.893573927475,0.401865066601
10,0.9138280238,0.31386594946
11,0.918707420035,0.293188040948
12,0.933069415809,0.233565575092
13,0.942644079599,0.196646293522
14,0.944577425208,0.198573365141
15,0.951942550985,0.167114207202
16,0.954428281579,0.159596051685
17,0.958110844632,0.144804831547
18,0.960044189989,0.132924479055
19,0.964463265577,0.12100600681
0,0.244548991354,4.94465969807
1,0.512530534804,2.35563771681
2,0.639373925965,1.65075847745
3,0.709581109287,1.2842313149
4,0.762326970366,0.999656374396
5,0.811544377135,0.788927981144
6,0.83841491026,0.628300943585
7,0.86628064782,0.512796498462
8,0.888808468559,0.422484870104
9,0.903555595787,0.358490909531
10,0.916493260007,0.310560065348
11,0.931783226284,0.251305583542
12,0.938659187562,0.224985969055
13,0.950058807822,0.184178275836
14,0.947163666243,0.182993564918
15,0.954763412648,0.163604279413
16,0.953858680912,0.164738620251
17,0.960915588798,0.145537893203
18,0.963991676468,0.132441899545
19,0.96806296933,0.120728565667
0,0.225534962884,5.04453996998
1,0.500402900921,2.40075267208
2,0.626197510936,1.6858726696
3,0.695675530369,1.31739670391
4,0.759512937659,1.01160777046
5,0.795863550969,0.821739731335
6,0.826215417749,0.667415819633
7,0.858447488488,0.546123495059
8,0.878055331626,0.452888529456
9,0.897215507378,0.371948283054
10,0.917181484551,0.307570611897
11,0.920941892814,0.279817781076
0,0.215865341597,5.05332743348
1,0.483391530181,2.48515085632
2,0.615453487395,1.76041672305
3,0.691556988071,1.3394363665
4,0.744202704062,1.07825571584
5,0.788879935696,0.85010681467
6,0.828543289547,0.695407344027
7,0.843763989689,0.578782492929
8,0.875190258741,0.465504159327
9,0.890769092929,0.396554634713
10,0.907332796207,0.330536957097
11,0.920852359112,0.27544434425
12,0.930880114507,0.247611688881
13,0.939117199477,0.220221565716
14,0.940818336542,0.207808425811
15,0.945474080214,0.182517582695
16,0.95066702479,0.171996104033
17,0.955143701316,0.155459987429
18,0.962216850381,0.128196430069
19,0.964097054518,0.129461102196
0,0.204245162263,5.16043601212
1,0.503111414049,2.3989254076
2,0.625351632305,1.66374939668
3,0.702156678707,1.29133717255
4,0.748444292864,1.03361592104
5,0.795413860508,0.822053174271
6,0.83351802895,0.658531005837
7,0.853294688944,0.551471753708
8,0.881084306533,0.446184675739
9,0.899326570676,0.370125345044
10,0.912539425114,0.316776303778
11,0.927371920156,0.259809612379
12,0.931037422016,0.248935518328
13,0.940158554283,0.207955755294
14,0.945955161761,0.185203098334
15,0.946551871334,0.188080261844
16,0.954479583612,0.162194720049
17,0.956269712641,0.151868259538
18,0.956695933342,0.151082283427
19,0.962151563977,0.134726221206
0,0.259801214552,4.95344312051
1,0.520706792025,2.32082104696
2,0.634087980792,1.63254707851
3,0.714706423926,1.22831302837
4,0.764770844936,0.974424212913
5,0.799926376268,0.796263339395
6,0.840511688174,0.62203944651
7,0.868672925334,0.505765224148
8,0.882845574006,0.440514482748
9,0.903920485678,0.353189580857
10,0.918369226313,0.302759339758
11,0.928860666408,0.257068107427
12,0.93889195632,0.220029729798
13,0.942573164382,0.203772078298
14,0.94827903548,0.184074856732
15,0.954260997914,0.157661658678
16,0.952696484326,0.158986998382
17,0.960703111476,0.135319910295
18,0.959506719059,0.14426945787
19,0.963371985616,0.128466944097
0,0.199723156021,5.26537423212
1,0.479829938699,2.49292346155
2,0.61231955705,1.72337308434
3,0.688352778327,1.35266025899
4,0.74293059126,1.05641579347
5,0.789994067629,0.850854107318
6,0.828455606091,0.680903690041
7,0.846648210401,0.579838262451
8,0.864544196164,0.495908767262
9,0.894107178169,0.401012426842
10,0.911805418232,0.327013872267
11,0.920209610441,0.300941244955
12,0.925944235713,0.264768415123
13,0.929602531145,0.244259164129
14,0.933458572276,0.23036453196
15,0.945224441368,0.196517405879
16,0.945619932766,0.187146330306
17,0.951354558038,0.160948999083
18,0.959066640301,0.140814508365
19,0.969250543801,0.106923839001
0,0.195746438183,5.3906465036
1,0.485236423704,2.45142602335
2,0.604893661065,1.75846514578
3,0.69110055742,1.35122478929
4,0.740966343446,1.07389137156
5,0.786289490109,0.856673601342
6,0.816539335295,0.715643259186
7,0.850299400558,0.569738804617
8,0.873425562705,0.47126894241
9,0.893764195303,0.384407087308
10,0.907598595469,0.323827864807
11,0.919677886125,0.296290120777
12,0.931653933217,0.255196938338
13,0.935267395897,0.231500327083
14,0.940532727353,0.211389833576
15,0.946933718523,0.187339858368
16,0.948482345789,0.171981033672
17,0.958909766427,0.144859196239
18,0.956844930483,0.141088781027
19,0.958187073931,0.143981751672
0,0.248695322131,5.01408823241
1,0.516178005616,2.3113253668
2,0.633266913466,1.6283394534
3,0.712496441822,1.24143816633
4,0.763165385654,0.989435132252
5,0.799601480358,0.800804979379
6,0.833001233593,0.641498337746
7,0.859474333462,0.532915814075
8,0.879495208398,0.45074403066
9,0.899516083335,0.369358699319
10,0.908530220857,0.31847635744
11,0.923901698363,0.274423657697
12,0.927127811203,0.248641032751
13,0.9356675207,0.223438953633
14,0.943922573163,0.193539396333
15,0.950185027042,0.172206286107
16,0.955783280965,0.151005162574
17,0.954929310091,0.154049613352
18,0.958250308243,0.14391548766
19,0.963563905358,0.126174415204
0,0.198952879648,5.15289697027
1,0.503272251532,2.35172433887
2,0.626589379296,1.67013401894
3,0.707460733118,1.26839994716
4,0.758601346298,0.999607515139
5,0.797587883232,0.811563488433
6,0.83442408368,0.653850375982
7,0.855086013463,0.545358360482
8,0.879674644816,0.450490004239
9,0.894259536498,0.388965387084
10,0.90650710546,0.33148249616
11,0.918287210261,0.291500061684
12,0.925579655812,0.250460540716
13,0.934741959923,0.221426617363
14,0.943717277799,0.199810084304
15,0.943530291921,0.200143704206
16,0.949233358443,0.177725591061
17,0.951851159401,0.164610593664
18,0.95437546742,0.153131875545
19,0.962041885084,0.135442372113
0,0.20203291412,5.18781501164
1,0.488576960794,2.38338295396
2,0.630493708109,1.64343785303
3,0.701548887176,1.26554129082
4,0.755372701517,1.01019789182
5,0.799515973552,0.798235719479
6,0.830590513715,0.645307848841
7,0.862923524064,0.521946331169
8,0.875701839626,0.4414452654
9,0.895643755866,0.369911313415
10,0.916263311322,0.303742105652
11,0.922846080211,0.276918556741
12,0.929235237473,0.23964414165
13,0.944530493731,0.190193058416
14,0.947821878579,0.18344295067
15,0.950145208409,0.180289234013
16,0.954598257526,0.16324959543
17,0.955953533675,0.14727394522
18,0.959535333748,0.143990733899
19,0.960987415826,0.137868728746
0,0.23159581506,4.85414802238
1,0.514374587356,2.28796921189
2,0.63634649843,1.61198400238
3,0.70968045952,1.24731920937
4,0.766141955112,0.979818120783
5,0.807050617327,0.768064419335
6,0.836648129155,0.632454734472
7,0.861061363634,0.531436009438
8,0.885568856755,0.42351631086
9,0.89706852629,0.372519855779
10,0.911584503487,0.317885766528
11,0.925723442085,0.265449810819
12,0.936280516228,0.229063777307
13,0.940616457489,0.217456375966
14,0.950607974682,0.178075808213
15,0.952681685126,0.177722769323
16,0.955415213144,0.152470718428
17,0.959374116198,0.140595117315
18,0.960882269614,0.132473475244
19,0.963992836114,0.131631685494
0,0.265348060594,4.65849147142
1,0.538830379278,2.14232911275
2,0.660159260241,1.53503920744
3,0.724205839475,1.18560802306
4,0.769158318283,0.963494877199
5,0.811370836391,0.769214001479
6,0.838599195075,0.629944537269
7,0.865741929817,0.515805200632
8,0.883722921493,0.439681842378
9,0.89759397201,0.370200687848
10,0.908896309539,0.326181112242
11,0.922938607768,0.269553058267
12,0.929446014142,0.247622463504
13,0.945200787662,0.200122892668
14,0.945885777815,0.184872750374
15,0.943317064817,0.194947053118
16,0.95521876873,0.1619635475
17,0.955304392428,0.158683645913
18,0.958301224343,0.147425575566
19,0.960184947341,0.135807689217
0,0.240458427977,5.11911391341
1,0.525894691279,2.24324678846
2,0.643204670824,1.58435355677
3,0.714563736491,1.21596925731
4,0.771110390184,0.947421197576
5,0.80733052209,0.77143680981
6,0.839333982142,0.61931900483
7,0.873283598201,0.486043885175
8,0.884419937484,0.413379274551
9,0.910260568697,0.332436734254
10,0.921829386845,0.279613636841
11,0.93069521028,0.240573388098
12,0.932317007231,0.23431016136
13,0.946913179893,0.184314747078
14,0.946156341432,0.180004623313
15,0.958157638548,0.141851067453
16,0.958049518867,0.150435093698
17,0.961509352362,0.140318844624
18,0.964536706877,0.125173818375
19,0.967239701692,0.109164668312
0,0.205187130533,5.25769794319
1,0.500656598609,2.36588622256
2,0.641168745935,1.61853204642
3,0.710768220552,1.24813798372
4,0.766579120001,0.968612707426
5,0.808382577984,0.775382439413
6,0.840337053903,0.613942976266
7,0.865178376091,0.507792547864
8,0.887393302783,0.422710647466
9,0.913876121677,0.317577059543
10,0.916064784417,0.301927563024
11,0.927992996266,0.240369471448
12,0.934011818648,0.236837250943
13,0.951521120804,0.170881779368
14,0.945392864725,0.193673857836
15,0.958524841205,0.144342479253
16,0.959181440023,0.146437040146
17,0.962245568062,0.123547183503
18,0.966294594003,0.11802024334
19,0.966185160749,0.11675169308
0,0.238920480236,4.84113710726
1,0.531546168392,2.20635507468
2,0.651954147545,1.54357787355
3,0.709630833237,1.23943381007
4,0.765231519219,0.985112162432
5,0.806209946601,0.777459639248
6,0.838613593419,0.63362134041
7,0.861178806886,0.532293302632
8,0.881126455801,0.443965475007
9,0.899449408926,0.362482932745
10,0.910732015417,0.31878838706
11,0.924541926339,0.269516908764
12,0.936095315564,0.232925848987
13,0.93997653228,0.203867468397
14,0.93979601033,0.20619367193
15,0.952432529872,0.16720980964
16,0.952522790968,0.16403808232
17,0.955230616616,0.151091174447
18,0.959563137397,0.145508602733
19,0.964166440875,0.120750301083
0,0.258945935434,4.78205662041
1,0.559898872173,2.04022230239
2,0.676973940379,1.41916018096
3,0.741151303041,1.08842640944
4,0.788603656234,0.852365040654
5,0.82769350438,0.670607270016
6,0.858712563414,0.548611415239
7,0.880396732835,0.440879328619
8,0.899358226325,0.371109936498
9,0.912874367973,0.296783926746
10,0.926973940287,0.258079154616
11,0.930474523624,0.242799394522
12,0.938059121243,0.208850256765
13,0.948949825064,0.177575848727
14,0.953422792804,0.160729136108
15,0.954686892445,0.159701638471
16,0.962465966504,0.135293683587
17,0.970536756311,0.110290815839
18,0.965772073216,0.120379917521
19,0.968786464411,0.101749687391
0,0.256892110986,4.756577767
1,0.571210530728,2.00457666247
2,0.685586186751,1.37798863148
3,0.751216254263,1.02984068394
4,0.796241533724,0.82252751273
5,0.836974148747,0.640410033424
6,0.865973480447,0.518486364415
7,0.891538680817,0.414164223466
8,0.907564627912,0.340913582397
9,0.917580845297,0.295713436339
10,0.926738529161,0.259300688336
11,0.933511399198,0.23162472121
12,0.94295526058,0.203612857963
13,0.950205093967,0.17688344124
14,0.954306972876,0.160557014864
15,0.957168749193,0.150396277758
16,0.959648955457,0.137066167442
17,0.966421826143,0.124503481416
18,0.96985595727,0.104595995719
19,0.968329676409,0.106523337135
0,0.263670338551,4.82056933721
1,0.558025177026,2.03968223618
2,0.675255704264,1.40874306458
3,0.741935484246,1.07470618731
4,0.797797010322,0.830610278926
5,0.831431943258,0.663603478112
6,0.854150275327,0.560180087806
7,0.877458693989,0.452645521034
8,0.903815893513,0.358751538206
9,0.912273800204,0.317850135988
10,0.929681353171,0.270756532952
11,0.933123524737,0.239774872875
12,0.945318646969,0.197165599238
13,0.946990558803,0.193025940005
14,0.951022817055,0.164357037401
15,0.959579071738,0.147469133502
16,0.958497246638,0.150883525434
17,0.963119591248,0.128575137112
18,0.96370967756,0.125890669839
19,0.969512195497,0.110276424889
0,0.269071853348,4.80818660867
1,0.568174947033,1.99191182104
2,0.690214652683,1.36067437285
3,0.750781013692,1.04602988982
4,0.803587624446,0.818348194645
5,0.839060768267,0.636640431557
6,0.866874936865,0.527100168337
7,0.892270483071,0.419532255562
8,0.898317041572,0.369853398101
9,0.916759044746,0.307251014617
10,0.930666128894,0.255270138571
11,0.936208807436,0.234863530607
12,0.943867781602,0.20188273071
13,0.952433739899,0.171551411333
14,0.956364002672,0.159351885056
15,0.955759346906,0.163432086444
16,0.963922200479,0.133012614791
17,0.965333064363,0.125832037647
18,0.966945479963,0.120006979938
19,0.969767207179,0.111662281525
0,0.298484259758,4.65070039217
1,0.607267781079,1.82477507247
2,0.712786630485,1.2503702268
3,0.776525456897,0.932956216079
4,0.8172366892,0.730093635569
5,0.848328799392,0.586095649354
6,0.880489700854,0.447051019368
7,0.899630781606,0.367839566799
8,0.912359114292,0.321271679372
9,0.922852701544,0.276057253239
10,0.936455499973,0.221495236444
11,0.949378158186,0.175919269347
12,0.951224252008,0.165929334964
13,0.956276720014,0.155291760056
14,0.958608628223,0.142257682721
15,0.9628837934,0.127039942017
16,0.965118538833,0.120111561825
17,0.963466770469,0.122067819054
18,0.969393704079,0.107554746513
19,0.969782355227,0.105723256187
0,0.283291631946,4.60887581992
1,0.578908349639,1.96496758631
2,0.695672319603,1.33687693208
3,0.760541191795,1.01824545944
4,0.804096005975,0.800626401717
5,0.844592716197,0.622118568202
6,0.869057547984,0.51486334548
7,0.886572143464,0.423804551601
8,0.907422852383,0.342682786621
9,0.919377258854,0.289894787773
10,0.930960986023,0.252096247874
11,0.932629042732,0.237163168442
12,0.95079232695,0.179616746878
13,0.951163006214,0.177642891004
14,0.958854601067,0.141134745633
15,0.9547771291,0.165639981663
16,0.96487813919,0.129845290335
17,0.963302752305,0.128708825785
18,0.964136780673,0.12775646396
19,0.967287554449,0.113484762292
0,0.280777310924,4.75224343628
1,0.601365546218,1.8421552069
2,0.706092437075,1.25599658619
3,0.778151260604,0.921667325998
4,0.822163865747,0.720373434079
5,0.855042017007,0.568737837647
6,0.881197479292,0.438911697043
7,0.905147059124,0.354787195831
8,0.91743697499,0.298945343194
9,0.932457983494,0.244641545816
10,0.940441176771,0.211618221307
11,0.946953781713,0.18973441134
12,0.952521008403,0.162963028665
13,0.957457983193,0.153030817849
14,0.964285714486,0.124647558236
15,0.96512605042,0.116593215345
16,0.965231092838,0.121551806185
17,0.969852941577,0.103544342624
18,0.971113445779,0.101032959814
19,0.975315126251,0.089350661385
0,0.242361414256,5.01302186468
1,0.578895678483,1.95226255159
2,0.699585333993,1.32263832408
3,0.76855085048,0.966693789248
4,0.813182016743,0.738563786709
5,0.8519205585,0.589436437094
6,0.883020514929,0.446404172338
7,0.896988214441,0.370858255886
8,0.911938018541,0.318671920267
9,0.936381492486,0.24307163087
10,0.939327804062,0.217939566546
11,0.947184635218,0.194688037129
12,0.951113050835,0.177045061768
13,0.957442164785,0.149741083917
14,0.960606721799,0.137175864993
15,0.964426014945,0.11534890593
16,0.963443910722,0.125714846921
17,0.97140986461,0.101087544161
18,0.970646005877,0.102475088621
19,0.973919685571,0.0943651650831
0,0.261466390934,4.95636934979
1,0.591785598365,1.85754839524
2,0.716200022503,1.23280850563
3,0.782873952125,0.909725617734
4,0.828085848287,0.681775059234
5,0.865126920222,0.513105675869
6,0.88746050833,0.40327222776
7,0.91110142782,0.322699832266
8,0.925264190038,0.26167642066
9,0.935178124615,0.221134939895
10,0.94607255756,0.19952506006
11,0.956204379601,0.159599642499
12,0.959908487413,0.142262806332
13,0.963939426966,0.128976585207
14,0.962632095623,0.133463733865
15,0.964048371906,0.125649576708
16,0.972001307929,0.100141983968
17,0.970802919734,0.104395824246
18,0.973417583628,0.0908214585111
19,0.973199694956,0.0922937229282
0,0.225588412571,5.12789400414
1,0.581412190929,1.94804019958
2,0.702836450742,1.29091153182
3,0.782377790951,0.914271395855
4,0.826554013665,0.685297250964
5,0.857091127596,0.521463297603
6,0.892456246063,0.404702830624
7,0.913699456778,0.315482528791
8,0.929149063927,0.252732686401
9,0.942788171531,0.206430411616
10,0.941219069962,0.2010341329
11,0.958237778932,0.153805649547
12,0.959806880155,0.145453829798
13,0.964031381253,0.11990142499
14,0.961255280649,0.129651683006
15,0.969342184347,0.106347149076
16,0.971273385198,0.102261052603
17,0.974411587321,0.089709259906
18,0.977066988533,0.0829442210356
19,0.975497887195,0.0874850204261
0,0.214421492644,5.31750423484
1,0.562286148596,2.03940576452
2,0.697123304933,1.308044408
3,0.775440375186,0.946321439893
4,0.829172475296,0.682687482798
5,0.860347230683,0.536801139025
6,0.889367633923,0.406163778237
7,0.918134583658,0.305208984142
8,0.928399442357,0.245410645303
9,0.941452287371,0.209788575041
10,0.948675705957,0.177534304323
11,0.950703332533,0.171696876599
12,0.958813838671,0.143167286447
13,0.959700924893,0.13190356235
14,0.969205423901,0.108073627796
15,0.970219236728,0.110840564433
16,0.976428842608,0.0849539766863
17,0.97402103608,0.0903572147572
18,0.973007223041,0.0934424412019
19,0.974527943393,0.0859082847392
0,0.225310618412,5.26463977842
1,0.581017036138,1.93397872787
2,0.707570129692,1.27407653168
3,0.78877930046,0.888326588675
4,0.834763673336,0.67708023692
5,0.873062637134,0.501156819536
6,0.902011016793,0.36044047799
7,0.918662739362,0.289618412969
8,0.933265019062,0.236060943294
9,0.950044832111,0.185127217932
10,0.951966184499,0.169184150638
11,0.959651595089,0.140298646341
12,0.963238120003,0.128171130637
13,0.968745997487,0.111016427902
14,0.968617907373,0.108137475315
15,0.973741514331,0.0848312017225
16,0.975150506506,0.0879171551289
17,0.976943768535,0.0811684810091
18,0.980914564158,0.0730800906415
19,0.976943768596,0.0816578292883
0,0.254756380524,4.95033914008
1,0.618909512927,1.76589924786
2,0.735730858745,1.13948149067
3,0.810672853939,0.779666503842
4,0.843967517567,0.603598147589
5,0.8791183293,0.456450396057
6,0.907656612363,0.342408478675
7,0.923897911861,0.284132426562
8,0.938515081372,0.214781787224
9,0.946287703127,0.1884582172
10,0.95754060347,0.155896102134
11,0.958468677715,0.14242830737
12,0.967401392333,0.11441999279
13,0.967749419954,0.11811044398
14,0.970185614849,0.0991803514345
15,0.972273782234,0.0980898057502
16,0.976682134792,0.0861187136194
17,0.977262180974,0.0824269693198
18,0.979350348249,0.070927092146
19,0.978190255331,0.0746971474308
0,0.176713240646,5.48389990687
1,0.500066534615,2.3288639936
2,0.665202927732,1.47724282629
3,0.747172322927,1.06507368914
4,0.806121092023,0.786356563728
5,0.842315369357,0.601609498647
6,0.874650699396,0.464531226766
7,0.897005988881,0.372447135658
8,0.926679973434,0.277264080378
9,0.942248835694,0.220262829217
10,0.947438457166,0.189188223242
11,0.950898203656,0.170280245293
12,0.954890219608,0.15103359891
13,0.959680639468,0.138553051833
14,0.965668662691,0.120754296287
15,0.969394544261,0.114463706153
16,0.969394544975,0.104334536509
17,0.96966067942,0.108713072043
18,0.978176979375,0.0745095927667
19,0.976180971406,0.0828122897241
0,0.225075150539,5.19103860903
1,0.586422845811,1.92946564769
2,0.716558116352,1.23630955774
3,0.787575150301,0.870877424557
4,0.841057114228,0.639163150816
5,0.876252505488,0.47788266309
6,0.898922845691,0.367623847926
7,0.924849699518,0.269410571378
8,0.939253507133,0.224713097832
9,0.941132264768,0.209705513919
10,0.954408817635,0.169340434034
11,0.960045090419,0.139445998626
12,0.962800601441,0.124473397473
13,0.964178356833,0.133003055825
14,0.972695390901,0.102940010881
15,0.968562124726,0.118953773255
16,0.971693386774,0.0947257928356
17,0.975951903927,0.0916079763241
18,0.972570140519,0.10113809213
19,0.976703407053,0.085170450066
0,0.24365234375,5.06432398036
1,0.59375,1.87480715476
2,0.71826171875,1.19994673412
3,0.800170898438,0.836772774346
4,0.846801757812,0.589573395904
5,0.8798828125,0.471632264555
6,0.900634765625,0.354825357907
7,0.925659179688,0.277367476607
8,0.940307617188,0.215960945934
9,0.94287109375,0.194952281541
10,0.958374023438,0.15189514024
11,0.960571289062,0.138771448692
12,0.965454101562,0.127394081472
13,0.968139648438,0.109934930981
14,0.973388671875,0.096669812483
15,0.976318359375,0.0877207738522
16,0.971069335938,0.101239753334
17,0.974731445312,0.0857344301912
18,0.981323242188,0.0662799801066
19,0.9775390625,0.0789499768434
0,0.228944698153,5.19630176727
1,0.584474886147,1.92788730782
2,0.725520040407,1.20461707288
3,0.792110603271,0.868498744607
4,0.84462201934,0.625067488576
5,0.885844748314,0.437719849721
6,0.906773210933,0.354037901522
7,0.923896499178,0.276112390798
8,0.937087772644,0.215157148652
9,0.942922373885,0.189355942621
10,0.9581430744,0.145436475614
11,0.9570015221,0.148140676338
12,0.966133942282,0.117106731034
13,0.963977675671,0.123183240297
14,0.969939117018,0.112514528687
15,0.970953830452,0.0996291596633
16,0.972729578803,0.0912558686844
17,0.980974124719,0.068807766881
18,0.97843734136,0.0768466002082
19,0.976407914673,0.0806120953233
0,0.200348665739,5.24155816566
1,0.571275311995,1.93411837491
2,0.719324125079,1.21249234908
3,0.800724152027,0.816702195158
4,0.842161727476,0.599683735323
5,0.881855974109,0.445705885624
6,0.910017433284,0.331741372102
7,0.932814805009,0.240007255004
8,0.940458629715,0.212170254573
9,0.951052702287,0.174777880943
10,0.955880380978,0.152660699087
11,0.961244468285,0.126900558873
12,0.966876760219,0.114667416125
13,0.968351884136,0.111812775402
14,0.968217782078,0.104876008986
15,0.972777256253,0.0911829071493
16,0.977068526217,0.079470394709
17,0.971302132353,0.0961059957345
18,0.977739037274,0.0761438706125
19,0.979750569934,0.0751362295203
0,0.225802085163,5.1666703077
1,0.608907540491,1.7785833241
2,0.74617571427,1.08496321407
3,0.809530256759,0.772448441318
4,0.862596453325,0.542292716854
5,0.895898200379,0.394701127579
6,0.915933396572,0.310227738134
7,0.936645458302,0.229976413835
8,0.942872614826,0.205184463224
9,0.953025586246,0.167511196268
10,0.958846622509,0.143967351967
11,0.964396914255,0.122555505651
12,0.964803032403,0.127994024166
13,0.967916610277,0.110837637088
14,0.972925410246,0.101109943786
15,0.974414512723,0.0894940018924
16,0.978204954666,0.0864871390435
17,0.979287939028,0.0747056012216
18,0.980506294875,0.0786089994022
19,0.974414511981,0.0857467366973
0,0.231710788848,5.17859947393
1,0.604753771535,1.85575162988
2,0.749217193978,1.1193463254
3,0.815257615151,0.761727180163
4,0.860802732571,0.545605413211
5,0.901793338959,0.375013047122
6,0.922146313624,0.279746535791
7,0.937660119183,0.227052181306
8,0.953743239872,0.167284707339
9,0.957586109757,0.14168348055
10,0.965698833144,0.124542781877
11,0.970964988276,0.108215444708
12,0.970253344957,0.104534716754
13,0.980216339854,0.0727998596793
14,0.977796756539,0.0830307927841
15,0.975377170204,0.0772488387628
16,0.981354967502,0.0684963804732
17,0.980074011055,0.0655265304308
18,0.97850839901,0.0752148075072
19,0.981070310819,0.0624904386782
0,0.203321725186,5.22402049861
1,0.581034021022,1.90874793924
2,0.731315296216,1.15140401448
3,0.808732922614,0.78179748993
4,0.851459952165,0.580641812704
5,0.895794267553,0.392513837559
6,0.911733190655,0.313640200178
7,0.931288508254,0.23663535414
8,0.948165014606,0.190380516494
9,0.956201446749,0.151962482319
10,0.956871149242,0.144343300887
11,0.965577284197,0.117309623478
12,0.965577284197,0.120818855546
13,0.971068845433,0.100495765432
14,0.974015537102,0.0926474850009
15,0.978167693544,0.0783799954075
16,0.971604607554,0.0925586133499
17,0.978167694055,0.0760103648016
18,0.984061077393,0.0593695247897
19,0.98312349352,0.0650607265378
0,0.204211133566,5.39106010614
1,0.605134121736,1.79916054985
2,0.74228439568,1.0887206252
3,0.820305739867,0.70855462166
4,0.883184309287,0.454053087471
5,0.907989616555,0.334061052482
6,0.935967695448,0.23923300783
7,0.946351312511,0.189597220398
8,0.956302278765,0.155606411165
9,0.956302278765,0.144331728355
10,0.971445053498,0.108005922639
11,0.971877704067,0.090799424706
12,0.974617825209,0.0849004463484
13,0.976925295782,0.0789392957873
14,0.972310354911,0.0947985173192
15,0.979521200022,0.0735928655543
16,0.979665416924,0.0688139673936
17,0.986732044996,0.0497822155177
18,0.982549754831,0.061643204666
19,0.98572252668,0.0516545132924
0,0.199174564381,5.40998678257
1,0.610516661681,1.77561144397
2,0.756802201271,1.02296106384
3,0.834454295341,0.662123073527
4,0.879853255958,0.447506718117
5,0.916845001529,0.316968037824
6,0.934118006872,0.243680597317
7,0.948639559841,0.185007973544
8,0.957811066952,0.150057917873
9,0.965912564965,0.116457869712
10,0.969886884818,0.104186987609
11,0.969122592479,0.105918256842
12,0.976154081394,0.0891637290537
13,0.982115560991,0.0683923600327
14,0.979058391929,0.0750637409229
15,0.977835524304,0.0723049699331
16,0.97859981657,0.069856521861
17,0.985937022317,0.054620433642
18,0.980739834913,0.0670293647362
19,0.982879853256,0.0557805070798
0,0.133683289573,5.90561912454
1,0.530533683144,2.15353716794
2,0.707786526434,1.25997499727
3,0.802799649397,0.810257342784
4,0.857567803785,0.559771000609
5,0.896937882473,0.376233611859
6,0.920909886139,0.275092413294
7,0.938582676644,0.227124378252
8,0.952580927843,0.165389377421
9,0.95590551129,0.160979507289
10,0.964479439549,0.130865493031
11,0.969378827584,0.101434775856
12,0.970603673904,0.112011167251
13,0.975678039494,0.0898005835849
14,0.979177602278,0.0796731153798
15,0.979177602278,0.0825910961847
16,0.974978127734,0.0968741757109
17,0.98302712161,0.0760197386285
18,0.977777777778,0.089396427167
19,0.985476815628,0.0679921247802
0,0.0768837056207,5.24843683242
1,0.23821884249,3.71341009302
2,0.360326106794,3.03378360194
3,0.449895806813,2.55010819045
4,0.515811793949,2.22470031599
5,0.561985888198,1.96980060712
6,0.602895477526,1.7888060386
7,0.631374986199,1.62724516162
8,0.660475999044,1.48748212884
9,0.685738310157,1.36259786965
0,0.329705763887,3.72306539764
1,0.562273276987,2.05184828674
2,0.644498186222,1.59747080507
3,0.700984626022,1.3190209169
4,0.74192433925,1.11628580057
5,0.772326826782,0.967986520035
6,0.805896239999,0.827473152008
7,0.822594576016,0.725830362773
8,0.845799504849,0.635776434152
9,0.85996430026,0.562238319868
0,0.355881651058,3.87268083075
1,0.602183249849,1.86497832073
2,0.690527320292,1.40501815588
3,0.742364590249,1.13791023431
4,0.777320448794,0.95777011552
5,0.810486757607,0.794790322898
6,0.834287759413,0.682391331265
7,0.8548675733,0.590107413571
8,0.875208780308,0.496666854732
9,0.888212837217,0.439931420915
0,0.426111595674,3.64950200507
1,0.698924731183,1.38878859662
2,0.776373147687,0.99300810971
3,0.819892473465,0.75874386458
4,0.855928509189,0.59849708699
5,0.878087765306,0.488546238636
6,0.900973554217,0.384724005745
7,0.913324614903,0.32925376277
8,0.928000581486,0.266840174695
9,0.931052019918,0.25336883575
0,0.434003291076,3.34097891982
1,0.713798778406,1.29497130757
2,0.785554772372,0.937030116381
3,0.824047955454,0.749101862641
4,0.85736953478,0.590840243963
5,0.877174424436,0.496490615295
6,0.894981194647,0.430635649818
7,0.911436296036,0.344223771386
8,0.922249647699,0.303001448911
9,0.932005171883,0.263571602158
0,0.428046902859,3.43883451302
1,0.6996920528,1.37407505532
2,0.767914248207,1.01837445537
3,0.811145327455,0.799551462726
4,0.844072012452,0.644581485102
5,0.863614828245,0.546257412195
6,0.887362311621,0.442712337506
7,0.905069288055,0.360045381587
8,0.911938884269,0.334708307527
9,0.921828734102,0.291756335316
0,0.373896657699,4.05207782807
1,0.691163343853,1.42443371797
2,0.780918378082,0.949065230969
3,0.830903500907,0.707005515814
4,0.874442129798,0.503264132437
5,0.898442923798,0.383068264574
6,0.919270058195,0.303101863882
7,0.932063869644,0.255436618668
8,0.946345333612,0.189491880129
9,0.954378657412,0.159497830797
0,0.379153786892,4.0562974209
1,0.682766615423,1.47795389811
2,0.776371715979,0.985682703428
3,0.829598145654,0.714280751057
4,0.866306028373,0.547753531469
5,0.893353942189,0.424674496676
6,0.916248067914,0.316431775896
7,0.932573416318,0.24649942018
8,0.936823801795,0.230285151918
9,0.949381761241,0.185799608114
0,0.379211931406,3.92698246619
1,0.685969434946,1.43989392974
2,0.782820843515,0.95123001836
3,0.830049713943,0.690918139651
4,0.863008654221,0.536224038166
5,0.893850119881,0.392190661983
6,0.917050266481,0.302731522732
7,0.924323329059,0.272509277899
8,0.940986925782,0.20859348354
9,0.946786962959,0.182538164859
0,0.411562471835,3.77225610387
1,0.698995748063,1.38422133136
2,0.78548810308,0.934780404944
3,0.840224373786,0.658515483667
4,0.875961277783,0.503737240326
5,0.897674839669,0.403349667658
6,0.916402786585,0.30663912144
7,0.928435719068,0.26034403383
8,0.940197231769,0.215749405529
9,0.950601646623,0.180711487691
0,0.339153012846,4.03253236412
1,0.645178619542,1.66022208921
2,0.74644104232,1.12919023538
3,0.805622705682,0.805985321449
4,0.845465126765,0.629539735273
5,0.874026323018,0.495405233902
6,0.897394574161,0.390409116363
7,0.914764079318,0.32508526813
8,0.929716178698,0.256365794375
9,0.938759065441,0.227185530247
0,0.350524252053,4.04289820826
1,0.659023101093,1.56112255249
2,0.753132724968,1.09099310019
3,0.806069388514,0.829937045785
4,0.841019520333,0.652424030856
5,0.871536953366,0.509911067401
6,0.894808626741,0.415712928388
7,0.902736339161,0.356127956659
8,0.919444207513,0.299193800239
9,0.930696444808,0.251759859539
0,0.387723173201,3.8434192487
1,0.683416160709,1.47573679669
2,0.764862874771,1.01004089555
3,0.822473771463,0.741845342065
4,0.856432909984,0.57179814305
5,0.885882569592,0.426967271346
6,0.902724093415,0.371014730226
7,0.919841708387,0.293154239254
8,0.934566537781,0.238749583315
9,0.940272408955,0.217327965997
0,0.335772196955,4.32749005306
1,0.651572078307,1.60139813158
2,0.749258453629,1.0760215539
3,0.808681036187,0.800010446341
4,0.844769626261,0.640492920417
5,0.872058532727,0.501402479834
6,0.888174807198,0.403083990805
7,0.906367411509,0.332969374192
8,0.923373541625,0.27868359186
9,0.931777733834,0.240016223478
0,0.328618624985,4.31507583672
1,0.6589923606,1.59285243058
2,0.746644642206,1.10320033959
3,0.805905430691,0.805499419875
4,0.844001651906,0.629752701751
5,0.875490398119,0.491377225222
6,0.892628535539,0.411823525665
7,0.915238488048,0.305144129436
8,0.927008052663,0.270305897267
9,0.936093330236,0.224302509563
0,0.380776164744,4.01111788423
1,0.672834234996,1.53104864331
2,0.752822848547,1.07764108734
3,0.81222127349,0.789150734126
4,0.849795995859,0.618800779936
5,0.879495208048,0.492084587216
6,0.897333712605,0.394701842237
7,0.913084732671,0.337405605316
8,0.922098870923,0.280970802478
9,0.934244235605,0.234320141428
0,0.346952131727,4.0384542605
1,0.667819745967,1.56119743727
2,0.755235602451,1.06919654306
3,0.804693343529,0.836273668057
4,0.843399401645,0.626579583806
5,0.868548990232,0.500162607222
6,0.88649962634,0.425923178701
7,0.914080030453,0.322347849362
8,0.923990276828,0.284725960414
9,0.93754674667,0.234668446896
0,0.339109390357,4.14081568321
1,0.655566312406,1.59250975871
2,0.755856728092,1.06479544533
3,0.806969990435,0.810520379633
4,0.842207163682,0.633629469004
5,0.873765731239,0.50270593988
6,0.895643756627,0.40272222534
7,0.908422072213,0.343975853735
8,0.923233300857,0.279876153328
9,0.932333011203,0.243537496857
0,0.361956829085,3.99875311564
1,0.679705909374,1.46531192892
2,0.769252520978,0.995486368444
3,0.824300122268,0.73841571264
4,0.854557451344,0.586066376102
5,0.883400885529,0.45075418319
6,0.902818361375,0.372286121215
7,0.913375435557,0.316595988425
8,0.926854557176,0.267114383323
9,0.939108304433,0.226468426667
0,0.388646288159,3.75013492213
1,0.691069440816,1.43778201888
2,0.773782001817,1.01311354456
3,0.813939549476,0.790621185754
4,0.844079116301,0.63581788765
5,0.876273653495,0.505305651504
6,0.888004109788,0.426440193786
7,0.910180666076,0.345840833984
8,0.918571795459,0.30310844372
9,0.92953163783,0.260569140171
0,0.346848308093,4.19674603943
1,0.678019245285,1.46921245069
2,0.780192453419,0.970269900874
3,0.824954049177,0.711677733209
4,0.864201535288,0.546319885278
5,0.88787977076,0.425644683373
6,0.911882365764,0.342557667861
7,0.922153746435,0.279565243093
8,0.933506324892,0.234816497443
9,0.94680505989,0.186365361139
0,0.33858612382,4.2684773566
1,0.675421317627,1.50027466393
2,0.770190413618,0.998905004793
3,0.820420223009,0.746198972327
4,0.859816151979,0.570502126692
5,0.888925366458,0.432907709357
6,0.909170496905,0.326660378844
7,0.924928868448,0.273693714492
8,0.933792952702,0.235841966283
9,0.947034361757,0.201772562913
0,0.3476848087,4.00565742411
1,0.669284231488,1.51505935317
2,0.755212564268,1.06091967358
3,0.807383337631,0.810883613434
4,0.848542287102,0.620171706065
5,0.869302283594,0.50876253081
6,0.891686975251,0.407389225908
7,0.911815145976,0.31824773603
8,0.922014622323,0.286837059003
9,0.931582272801,0.24210859413
0,0.369700505698,3.85316209532
1,0.689712174367,1.4119719501
2,0.778977051406,0.959110898528
3,0.818553092414,0.734126035363
4,0.858615324892,0.555383525705
5,0.884480746745,0.449411587903
6,0.908595877044,0.336511365406
7,0.91987553509,0.289859472164
8,0.936114352624,0.23035868308
9,0.94214313506,0.209460236361
0,0.395306686855,3.76898166297
1,0.706381760867,1.29705531517
2,0.795669177823,0.883632156477
3,0.840885242245,0.648563528572
4,0.873891061298,0.493607445026
5,0.896212915843,0.393751525628
6,0.916817704537,0.311643037975
7,0.928837164831,0.261970455491
8,0.938948773671,0.218014903251
9,0.947915672778,0.186673157298
0,0.378245476285,3.87334244351
1,0.685582218866,1.39020798171
2,0.786782061603,0.928268492456
3,0.83221872546,0.703858298781
4,0.862804878283,0.546295109928
5,0.891620770953,0.415119099392
6,0.911388670573,0.335563530611
7,0.928009441807,0.267767894336
8,0.93558221896,0.232704552162
9,0.940991345585,0.210769145063
0,0.380026201778,3.87484668169
1,0.700594577904,1.35407556545
2,0.786052605365,0.925418693008
3,0.841983271458,0.655094771971
4,0.872216063258,0.51498019306
5,0.89277436231,0.411762631878
6,0.915751284996,0.31189589805
7,0.928348281788,0.267146345938
8,0.941348382732,0.219235628378
9,0.949007356748,0.180088320567
0,0.405169063304,3.73102347414
1,0.712592304703,1.29605545314
2,0.792848814984,0.87924677159
3,0.840847260286,0.659966532145
4,0.869218811005,0.510384852095
5,0.891566265315,0.412131078202
6,0.919452001948,0.308017048885
7,0.929848426124,0.251385055911
8,0.93937038502,0.216397040209
9,0.94568597001,0.184122291025
0,0.388286535169,3.73339461198
1,0.694930961052,1.38682947189
2,0.779445834552,0.937923049001
3,0.830136224659,0.704931534665
4,0.864146047649,0.543262777608
5,0.884811416938,0.435651060815
6,0.909090909102,0.34685709008
7,0.923176721369,0.289906983821
8,0.932351033285,0.244038811418
9,0.945788156803,0.205498357617
0,0.38455882363,3.84225705692
1,0.715651260705,1.28502903986
2,0.801365546619,0.842171728711
3,0.851365546218,0.619742865322
4,0.886554622049,0.452467755961
5,0.905357143057,0.35418237588
6,0.919852941577,0.285899553179
7,0.939915966787,0.212965112349
8,0.94737394958,0.174407166042
9,0.953781512605,0.163540916383
0,0.35803142761,4.08714192312
1,0.70264076838,1.35298571005
2,0.798559580501,0.870660610149
3,0.847664775337,0.642823406491
4,0.879201221992,0.475566088737
5,0.90593627224,0.359757321168
6,0.921649934318,0.290425873438
7,0.935181143709,0.229583871444
8,0.946311653831,0.193314907919
9,0.949148843222,0.173864817467
0,0.372371718338,3.99047042996
1,0.714021135382,1.29175796986
2,0.801503431824,0.848351449317
3,0.845516940908,0.622554501023
4,0.882231180555,0.461266136777
5,0.90576315569,0.351819629671
6,0.926026800357,0.27844785116
7,0.93724806629,0.220415582973
8,0.949014054455,0.184551852359
9,0.958492211104,0.163429149512
0,0.349547374371,4.03112039382
1,0.720700060321,1.2722785016
2,0.805431502457,0.838155692474
3,0.85226312652,0.581089874802
4,0.891973445569,0.426976534949
5,0.920579360448,0.305891220607
6,0.932045865606,0.242862650707
7,0.944598672551,0.19883827484
8,0.952444176359,0.159996225284
9,0.958720579037,0.140547520566
0,0.314408819737,4.27431480888
1,0.685337725716,1.43361618244
2,0.789380306044,0.89930230185
3,0.847167659185,0.62708137294
4,0.881764034931,0.463451111253
5,0.909136991215,0.336064554841
6,0.925738181773,0.266864545988
7,0.943226460729,0.209186128161
8,0.948168799521,0.180641787702
9,0.957166391548,0.155454687158
0,0.343025489426,4.17993969485
1,0.712693736589,1.29817586283
2,0.807096195615,0.821098037454
3,0.861662609882,0.576480610294
4,0.899064940879,0.396187411696
5,0.919047010011,0.309632821423
6,0.934930191465,0.244660810762
7,0.953118996078,0.179898912132
8,0.957730242274,0.155279961739
9,0.962469578889,0.137210932066
0,0.362064965142,4.02755898577
1,0.718213457298,1.27681902467
2,0.814501160148,0.795135473541
3,0.865429234477,0.548028158091
4,0.891763341067,0.414646727497
5,0.918445475472,0.315560768762
6,0.934918793614,0.236920582626
7,0.949535962905,0.195729605822
8,0.953364269363,0.16545088706
9,0.960092807756,0.150603408382
0,0.306852961078,4.507534702
1,0.68103792439,1.46221338492
2,0.789088489798,0.906254721291
3,0.848436460539,0.616727912823
4,0.883566200995,0.456010542904
5,0.913639388668,0.341470658985
6,0.930272787805,0.255210678449
7,0.943313373301,0.204549051077
8,0.948769128426,0.175973091323
9,0.960212907566,0.137415878137
0,0.306487976071,4.40689906233
1,0.677354709897,1.44704583771
2,0.785696393024,0.912930445466
3,0.853081162564,0.606042701012
4,0.885020040319,0.451002930412
5,0.912950901804,0.319359790646
6,0.929233467292,0.253068350479
7,0.943261523285,0.204447774467
8,0.951903807615,0.165542063335
9,0.959418837914,0.142610389747
0,0.33740234375,4.18550885469
1,0.704711914062,1.34269684739
2,0.806762695312,0.834723734297
3,0.861694335938,0.564239574131
4,0.891845703125,0.414873570902
5,0.92236328125,0.292890124023
6,0.934936523438,0.240466517163
7,0.948120117188,0.177814892668
8,0.957885742188,0.150013388018
9,0.959716796875,0.138180380512
0,0.330035514665,4.14167410368
1,0.710172501359,1.31138848103
2,0.811009639535,0.807936118028
3,0.865169963759,0.549599799996
4,0.893201420447,0.414912643316
5,0.92135971582,0.28933224894
6,0.937975646638,0.228365810237
7,0.948122779952,0.182915007536
8,0.960172500996,0.138814040515
9,0.963597158349,0.122434956079
0,0.30682580134,4.37871845894
1,0.709668767705,1.31157324839
2,0.810245407112,0.786447877305
3,0.866970631733,0.534950003334
4,0.895802601694,0.388586337311
5,0.92798712603,0.264351984659
6,0.949711680428,0.181163007272
7,0.949443476057,0.176735484776
8,0.962719592185,0.132457451265
9,0.97009521268,0.109618905677
0,0.34195207904,4.22071379303
1,0.73331528451,1.21057487051
2,0.827128740533,0.737253660905
3,0.881954785531,0.467762156431
4,0.913361311217,0.339309233717
5,0.93014755655,0.260674500951
6,0.943143360731,0.215534534872
7,0.958711249525,0.160946434924
8,0.959929606081,0.149115169826
9,0.9668336274,0.128555860116
0,0.315826929281,4.32673305933
1,0.710219186271,1.31207134803
2,0.823654995883,0.741902742653
3,0.872189012766,0.505629083115
4,0.910333048846,0.346387245158
5,0.931255338947,0.246412410615
6,0.952746941261,0.1780182923
7,0.960575006811,0.14027334608
8,0.96413321964,0.128527455348
9,0.972103615381,0.101093357321
0,0.305250469127,4.32557633694
1,0.701446557824,1.30810896392
2,0.811679614315,0.790716823706
3,0.870077685556,0.52033943428
4,0.905571926272,0.36211756073
5,0.92646664884,0.273232831741
6,0.944548620413,0.196611983477
7,0.951647469035,0.163611733469
8,0.967452451287,0.12633467669
9,0.966113046159,0.123334427494
0,0.302134410256,4.39199803176
1,0.714017883016,1.26926681619
2,0.826939717369,0.728462603067
3,0.881742140265,0.462913133137
4,0.918229016441,0.30324949391
5,0.936256129218,0.236950533858
6,0.950677819526,0.175785139014
7,0.959330833711,0.147168944222
8,0.96625324488,0.116016411448
9,0.97144505336,0.103793263092
0,0.274686640171,4.56936490445
1,0.715988994301,1.25937854176
2,0.828645674197,0.720353293842
3,0.884286151024,0.461328135256
4,0.919290736851,0.293788714584
5,0.942983797004,0.203433806018
6,0.950626719803,0.172332424558
7,0.961938245185,0.136152508863
8,0.970345460104,0.106948910495
9,0.97462549679,0.0843011972505
0,0.212598425192,5.14801980909
1,0.658092738616,1.54322697345
2,0.792825896002,0.863375503195
3,0.860192474835,0.53874789953
4,0.913735783079,0.346734723743
5,0.932808398022,0.25560278345
6,0.947331582853,0.189197833624
7,0.958355204848,0.156327861641
8,0.968678915824,0.119167981404
9,0.970428696642,0.113893532926
